Analysis & Synthesis report for pratica2
Thu Jul 22 19:07:41 2021
Quartus II 64-Bit Version 13.0.1 Build 232 06/12/2013 Service Pack 1 SJ Web Edition


---------------------
; Table of Contents ;
---------------------
  1. Legal Notice
  2. Analysis & Synthesis Summary
  3. Analysis & Synthesis Settings
  4. Parallel Compilation
  5. Analysis & Synthesis Source Files Read
  6. Analysis & Synthesis Resource Usage Summary
  7. Analysis & Synthesis Resource Utilization by Entity
  8. Analysis & Synthesis IP Cores Summary
  9. Registers Removed During Synthesis
 10. General Register Statistics
 11. Source assignments for instructionFetch:iF|romlpm:address|altsyncram:altsyncram_component|altsyncram_21a1:auto_generated
 12. Source assignments for ramlpm:memory|altsyncram:altsyncram_component|altsyncram_eli1:auto_generated
 13. Parameter Settings for User Entity Instance: instructionFetch:iF|romlpm:address|altsyncram:altsyncram_component
 14. Parameter Settings for User Entity Instance: ramlpm:memory|altsyncram:altsyncram_component
 15. Parameter Settings for User Entity Instance: proc:processor|regn:reg_0
 16. Parameter Settings for User Entity Instance: proc:processor|regn:reg_1
 17. Parameter Settings for User Entity Instance: proc:processor|regn:reg_2
 18. Parameter Settings for User Entity Instance: proc:processor|regn:reg_3
 19. Parameter Settings for User Entity Instance: proc:processor|regn:reg_4
 20. Parameter Settings for User Entity Instance: proc:processor|regn:reg_5
 21. Parameter Settings for User Entity Instance: proc:processor|regn:reg_6
 22. Parameter Settings for User Entity Instance: proc:processor|counterlpm:reg_7|lpm_counter:LPM_COUNTER_component
 23. Parameter Settings for User Entity Instance: proc:processor|regn:reg_A
 24. Parameter Settings for User Entity Instance: proc:processor|regn:reg_G
 25. Parameter Settings for User Entity Instance: proc:processor|regn:reg_IR
 26. Parameter Settings for User Entity Instance: proc:processor|regn:reg_Addr
 27. Parameter Settings for User Entity Instance: proc:processor|regn:reg_Dout
 28. Parameter Settings for User Entity Instance: proc:processor|regn:reg_W
 29. altsyncram Parameter Settings by Entity Instance
 30. Port Connectivity Checks: "proc:processor|regn:reg_W"
 31. Port Connectivity Checks: "proc:processor|counterlpm:reg_7"
 32. Port Connectivity Checks: "proc:processor|dec3to8:decY"
 33. Port Connectivity Checks: "proc:processor|dec3to8:decX"
 34. Port Connectivity Checks: "proc:processor"
 35. Port Connectivity Checks: "ramlpm:memory"
 36. Elapsed Time Per Partition
 37. Analysis & Synthesis Messages



----------------
; Legal Notice ;
----------------
Copyright (C) 1991-2013 Altera Corporation
Your use of Altera Corporation's design tools, logic functions 
and other software and tools, and its AMPP partner logic 
functions, and any output files from any of the foregoing 
(including device programming or simulation files), and any 
associated documentation or information are expressly subject 
to the terms and conditions of the Altera Program License 
Subscription Agreement, Altera MegaCore Function License 
Agreement, or other applicable license agreement, including, 
without limitation, that your use is for the sole purpose of 
programming logic devices manufactured by Altera and sold by 
Altera or its authorized distributors.  Please refer to the 
applicable agreement for further details.



+--------------------------------------------------------------------------------------+
; Analysis & Synthesis Summary                                                         ;
+------------------------------------+-------------------------------------------------+
; Analysis & Synthesis Status        ; Successful - Thu Jul 22 19:07:41 2021           ;
; Quartus II 64-Bit Version          ; 13.0.1 Build 232 06/12/2013 SP 1 SJ Web Edition ;
; Revision Name                      ; pratica2                                        ;
; Top-level Entity Name              ; pratica2                                        ;
; Family                             ; Cyclone IV GX                                   ;
; Total logic elements               ; 0                                               ;
;     Total combinational functions  ; 0                                               ;
;     Dedicated logic registers      ; 0                                               ;
; Total registers                    ; 0                                               ;
; Total pins                         ; 4                                               ;
; Total virtual pins                 ; 0                                               ;
; Total memory bits                  ; 0                                               ;
; Embedded Multiplier 9-bit elements ; 0                                               ;
; Total GXB Receiver Channel PCS     ; 0                                               ;
; Total GXB Receiver Channel PMA     ; 0                                               ;
; Total GXB Transmitter Channel PCS  ; 0                                               ;
; Total GXB Transmitter Channel PMA  ; 0                                               ;
; Total PLLs                         ; 0                                               ;
+------------------------------------+-------------------------------------------------+


+----------------------------------------------------------------------------------------------------------------------+
; Analysis & Synthesis Settings                                                                                        ;
+----------------------------------------------------------------------------+--------------------+--------------------+
; Option                                                                     ; Setting            ; Default Value      ;
+----------------------------------------------------------------------------+--------------------+--------------------+
; Top-level entity name                                                      ; pratica2           ; pratica2           ;
; Family name                                                                ; Cyclone IV GX      ; Cyclone IV GX      ;
; Use smart compilation                                                      ; Off                ; Off                ;
; Enable parallel Assembler and TimeQuest Timing Analyzer during compilation ; On                 ; On                 ;
; Enable compact report table                                                ; Off                ; Off                ;
; Restructure Multiplexers                                                   ; Auto               ; Auto               ;
; Create Debugging Nodes for IP Cores                                        ; Off                ; Off                ;
; Preserve fewer node names                                                  ; On                 ; On                 ;
; Disable OpenCore Plus hardware evaluation                                  ; Off                ; Off                ;
; Verilog Version                                                            ; Verilog_2001       ; Verilog_2001       ;
; VHDL Version                                                               ; VHDL_1993          ; VHDL_1993          ;
; State Machine Processing                                                   ; Auto               ; Auto               ;
; Safe State Machine                                                         ; Off                ; Off                ;
; Extract Verilog State Machines                                             ; On                 ; On                 ;
; Extract VHDL State Machines                                                ; On                 ; On                 ;
; Ignore Verilog initial constructs                                          ; Off                ; Off                ;
; Iteration limit for constant Verilog loops                                 ; 5000               ; 5000               ;
; Iteration limit for non-constant Verilog loops                             ; 250                ; 250                ;
; Add Pass-Through Logic to Inferred RAMs                                    ; On                 ; On                 ;
; Infer RAMs from Raw Logic                                                  ; On                 ; On                 ;
; Parallel Synthesis                                                         ; On                 ; On                 ;
; DSP Block Balancing                                                        ; Auto               ; Auto               ;
; NOT Gate Push-Back                                                         ; On                 ; On                 ;
; Power-Up Don't Care                                                        ; On                 ; On                 ;
; Remove Redundant Logic Cells                                               ; Off                ; Off                ;
; Remove Duplicate Registers                                                 ; On                 ; On                 ;
; Ignore CARRY Buffers                                                       ; Off                ; Off                ;
; Ignore CASCADE Buffers                                                     ; Off                ; Off                ;
; Ignore GLOBAL Buffers                                                      ; Off                ; Off                ;
; Ignore ROW GLOBAL Buffers                                                  ; Off                ; Off                ;
; Ignore LCELL Buffers                                                       ; Off                ; Off                ;
; Ignore SOFT Buffers                                                        ; On                 ; On                 ;
; Limit AHDL Integers to 32 Bits                                             ; Off                ; Off                ;
; Optimization Technique                                                     ; Balanced           ; Balanced           ;
; Carry Chain Length                                                         ; 70                 ; 70                 ;
; Auto Carry Chains                                                          ; On                 ; On                 ;
; Auto Open-Drain Pins                                                       ; On                 ; On                 ;
; Perform WYSIWYG Primitive Resynthesis                                      ; Off                ; Off                ;
; Auto ROM Replacement                                                       ; On                 ; On                 ;
; Auto RAM Replacement                                                       ; On                 ; On                 ;
; Auto DSP Block Replacement                                                 ; On                 ; On                 ;
; Auto Shift Register Replacement                                            ; Auto               ; Auto               ;
; Allow Shift Register Merging across Hierarchies                            ; Auto               ; Auto               ;
; Auto Clock Enable Replacement                                              ; On                 ; On                 ;
; Strict RAM Replacement                                                     ; Off                ; Off                ;
; Allow Synchronous Control Signals                                          ; On                 ; On                 ;
; Force Use of Synchronous Clear Signals                                     ; Off                ; Off                ;
; Auto RAM Block Balancing                                                   ; On                 ; On                 ;
; Auto RAM to Logic Cell Conversion                                          ; Off                ; Off                ;
; Auto Resource Sharing                                                      ; Off                ; Off                ;
; Allow Any RAM Size For Recognition                                         ; Off                ; Off                ;
; Allow Any ROM Size For Recognition                                         ; Off                ; Off                ;
; Allow Any Shift Register Size For Recognition                              ; Off                ; Off                ;
; Use LogicLock Constraints during Resource Balancing                        ; On                 ; On                 ;
; Ignore translate_off and synthesis_off directives                          ; Off                ; Off                ;
; Timing-Driven Synthesis                                                    ; On                 ; On                 ;
; Report Parameter Settings                                                  ; On                 ; On                 ;
; Report Source Assignments                                                  ; On                 ; On                 ;
; Report Connectivity Checks                                                 ; On                 ; On                 ;
; Ignore Maximum Fan-Out Assignments                                         ; Off                ; Off                ;
; Synchronization Register Chain Length                                      ; 2                  ; 2                  ;
; PowerPlay Power Optimization                                               ; Normal compilation ; Normal compilation ;
; HDL message level                                                          ; Level2             ; Level2             ;
; Suppress Register Optimization Related Messages                            ; Off                ; Off                ;
; Number of Removed Registers Reported in Synthesis Report                   ; 5000               ; 5000               ;
; Number of Swept Nodes Reported in Synthesis Report                         ; 5000               ; 5000               ;
; Number of Inverted Registers Reported in Synthesis Report                  ; 100                ; 100                ;
; Clock MUX Protection                                                       ; On                 ; On                 ;
; Auto Gated Clock Conversion                                                ; Off                ; Off                ;
; Block Design Naming                                                        ; Auto               ; Auto               ;
; SDC constraint protection                                                  ; Off                ; Off                ;
; Synthesis Effort                                                           ; Auto               ; Auto               ;
; Shift Register Replacement - Allow Asynchronous Clear Signal               ; On                 ; On                 ;
; Pre-Mapping Resynthesis Optimization                                       ; Off                ; Off                ;
; Analysis & Synthesis Message Level                                         ; Medium             ; Medium             ;
; Disable Register Merging Across Hierarchies                                ; Auto               ; Auto               ;
; Resource Aware Inference For Block RAM                                     ; On                 ; On                 ;
; Synthesis Seed                                                             ; 1                  ; 1                  ;
+----------------------------------------------------------------------------+--------------------+--------------------+


Parallel compilation was disabled, but you have multiple processors available. Enable parallel compilation to reduce compilation time.
+-------------------------------------+
; Parallel Compilation                ;
+----------------------------+--------+
; Processors                 ; Number ;
+----------------------------+--------+
; Number detected on machine ; 8      ;
; Maximum allowed            ; 1      ;
+----------------------------+--------+


+-----------------------------------------------------------------------------------------------------------------------------------------------------------------------------+
; Analysis & Synthesis Source Files Read                                                                                                                                      ;
+----------------------------------+-----------------+----------------------------------+---------------------------------------------------------------------------+---------+
; File Name with User-Entered Path ; Used in Netlist ; File Type                        ; File Name with Absolute Path                                              ; Library ;
+----------------------------------+-----------------+----------------------------------+---------------------------------------------------------------------------+---------+
; tlb.v                            ; yes             ; User Verilog HDL File            ; C:/Users/lucas/Desktop/LAOC2/pratica_2/tlb.v                              ;         ;
; pratica2.v                       ; yes             ; User Verilog HDL File            ; C:/Users/lucas/Desktop/LAOC2/pratica_2/pratica2.v                         ;         ;
; proc.v                           ; yes             ; User Verilog HDL File            ; C:/Users/lucas/Desktop/LAOC2/pratica_2/proc.v                             ;         ;
; upcount.v                        ; yes             ; User Verilog HDL File            ; C:/Users/lucas/Desktop/LAOC2/pratica_2/upcount.v                          ;         ;
; regn.v                           ; yes             ; User Verilog HDL File            ; C:/Users/lucas/Desktop/LAOC2/pratica_2/regn.v                             ;         ;
; ramlpm.v                         ; yes             ; User Wizard-Generated File       ; C:/Users/lucas/Desktop/LAOC2/pratica_2/ramlpm.v                           ;         ;
; romlpm.v                         ; yes             ; User Wizard-Generated File       ; C:/Users/lucas/Desktop/LAOC2/pratica_2/romlpm.v                           ;         ;
; counterlpm.v                     ; yes             ; User Wizard-Generated File       ; C:/Users/lucas/Desktop/LAOC2/pratica_2/counterlpm.v                       ;         ;
; romMif.mif                       ; yes             ; User Memory Initialization File  ; C:/Users/lucas/Desktop/LAOC2/pratica_2/romMif.mif                         ;         ;
; dec3to8.v                        ; yes             ; User Verilog HDL File            ; C:/Users/lucas/Desktop/LAOC2/pratica_2/dec3to8.v                          ;         ;
; instructionFetch.v               ; yes             ; User Verilog HDL File            ; C:/Users/lucas/Desktop/LAOC2/pratica_2/instructionFetch.v                 ;         ;
; ULA.v                            ; yes             ; User Verilog HDL File            ; C:/Users/lucas/Desktop/LAOC2/pratica_2/ULA.v                              ;         ;
; MUX.v                            ; yes             ; User Verilog HDL File            ; C:/Users/lucas/Desktop/LAOC2/pratica_2/MUX.v                              ;         ;
; altsyncram.tdf                   ; yes             ; Megafunction                     ; c:/altera/13.0sp1/quartus/libraries/megafunctions/altsyncram.tdf          ;         ;
; stratix_ram_block.inc            ; yes             ; Megafunction                     ; c:/altera/13.0sp1/quartus/libraries/megafunctions/stratix_ram_block.inc   ;         ;
; lpm_mux.inc                      ; yes             ; Megafunction                     ; c:/altera/13.0sp1/quartus/libraries/megafunctions/lpm_mux.inc             ;         ;
; lpm_decode.inc                   ; yes             ; Megafunction                     ; c:/altera/13.0sp1/quartus/libraries/megafunctions/lpm_decode.inc          ;         ;
; aglobal130.inc                   ; yes             ; Megafunction                     ; c:/altera/13.0sp1/quartus/libraries/megafunctions/aglobal130.inc          ;         ;
; a_rdenreg.inc                    ; yes             ; Megafunction                     ; c:/altera/13.0sp1/quartus/libraries/megafunctions/a_rdenreg.inc           ;         ;
; altrom.inc                       ; yes             ; Megafunction                     ; c:/altera/13.0sp1/quartus/libraries/megafunctions/altrom.inc              ;         ;
; altram.inc                       ; yes             ; Megafunction                     ; c:/altera/13.0sp1/quartus/libraries/megafunctions/altram.inc              ;         ;
; altdpram.inc                     ; yes             ; Megafunction                     ; c:/altera/13.0sp1/quartus/libraries/megafunctions/altdpram.inc            ;         ;
; db/altsyncram_21a1.tdf           ; yes             ; Auto-Generated Megafunction      ; C:/Users/lucas/Desktop/LAOC2/pratica_2/db/altsyncram_21a1.tdf             ;         ;
; db/altsyncram_eli1.tdf           ; yes             ; Auto-Generated Megafunction      ; C:/Users/lucas/Desktop/LAOC2/pratica_2/db/altsyncram_eli1.tdf             ;         ;
; lpm_counter.tdf                  ; yes             ; Megafunction                     ; c:/altera/13.0sp1/quartus/libraries/megafunctions/lpm_counter.tdf         ;         ;
; lpm_constant.inc                 ; yes             ; Megafunction                     ; c:/altera/13.0sp1/quartus/libraries/megafunctions/lpm_constant.inc        ;         ;
; lpm_add_sub.inc                  ; yes             ; Megafunction                     ; c:/altera/13.0sp1/quartus/libraries/megafunctions/lpm_add_sub.inc         ;         ;
; cmpconst.inc                     ; yes             ; Megafunction                     ; c:/altera/13.0sp1/quartus/libraries/megafunctions/cmpconst.inc            ;         ;
; lpm_compare.inc                  ; yes             ; Megafunction                     ; c:/altera/13.0sp1/quartus/libraries/megafunctions/lpm_compare.inc         ;         ;
; lpm_counter.inc                  ; yes             ; Megafunction                     ; c:/altera/13.0sp1/quartus/libraries/megafunctions/lpm_counter.inc         ;         ;
; dffeea.inc                       ; yes             ; Megafunction                     ; c:/altera/13.0sp1/quartus/libraries/megafunctions/dffeea.inc              ;         ;
; alt_counter_stratix.inc          ; yes             ; Megafunction                     ; c:/altera/13.0sp1/quartus/libraries/megafunctions/alt_counter_stratix.inc ;         ;
; db/cntr_akk.tdf                  ; yes             ; Auto-Generated Megafunction      ; C:/Users/lucas/Desktop/LAOC2/pratica_2/db/cntr_akk.tdf                    ;         ;
+----------------------------------+-----------------+----------------------------------+---------------------------------------------------------------------------+---------+


+---------------------------------------------+
; Analysis & Synthesis Resource Usage Summary ;
+--------------------------+------------------+
; Resource                 ; Usage            ;
+--------------------------+------------------+
; I/O pins                 ; 4                ;
; DSP block 9-bit elements ; 0                ;
; Maximum fan-out node     ; MClock           ;
; Maximum fan-out          ; 1                ;
; Total fan-out            ; 4                ;
; Average fan-out          ; 0.50             ;
+--------------------------+------------------+


+-----------------------------------------------------------------------------------------------------------------------------------------------------------------------------------------+
; Analysis & Synthesis Resource Utilization by Entity                                                                                                                                     ;
+----------------------------+-------------------+--------------+-------------+--------------+---------+-----------+-----------+------+--------------+---------------------+--------------+
; Compilation Hierarchy Node ; LC Combinationals ; LC Registers ; Memory Bits ; DSP Elements ; DSP 9x9 ; DSP 18x18 ; DSP 36x36 ; Pins ; Virtual Pins ; Full Hierarchy Name ; Library Name ;
+----------------------------+-------------------+--------------+-------------+--------------+---------+-----------+-----------+------+--------------+---------------------+--------------+
; |pratica2                  ; 0 (0)             ; 0 (0)        ; 0           ; 0            ; 0       ; 0         ; 0         ; 4    ; 0            ; |pratica2           ; work         ;
+----------------------------+-------------------+--------------+-------------+--------------+---------+-----------+-----------+------+--------------+---------------------+--------------+
Note: For table entries with two numbers listed, the numbers in parentheses indicate the number of resources of the given type used by the specific entity alone. The numbers listed outside of parentheses indicate the total resources of the given type used by the specific entity and all of its sub-entities in the hierarchy.


+--------------------------------------------------------------------------------------------------------------------------------------------------------------------+
; Analysis & Synthesis IP Cores Summary                                                                                                                              ;
+--------+--------------+---------+--------------+--------------+----------------------------------------------+-----------------------------------------------------+
; Vendor ; IP Core Name ; Version ; Release Date ; License Type ; Entity Instance                              ; IP Include File                                     ;
+--------+--------------+---------+--------------+--------------+----------------------------------------------+-----------------------------------------------------+
; Altera ; ROM: 1-PORT  ; 13.0    ; N/A          ; N/A          ; |pratica2|instructionFetch:iF|romlpm:address ; C:/Users/lucas/Desktop/LAOC2/pratica_2/romlpm.v     ;
; Altera ; RAM: 1-PORT  ; 13.0    ; N/A          ; N/A          ; |pratica2|ramlpm:memory                      ; C:/Users/lucas/Desktop/LAOC2/pratica_2/ramlpm.v     ;
; Altera ; LPM_COUNTER  ; 13.0    ; N/A          ; N/A          ; |pratica2|proc:processor|counterlpm:reg_7    ; C:/Users/lucas/Desktop/LAOC2/pratica_2/counterlpm.v ;
+--------+--------------+---------+--------------+--------------+----------------------------------------------+-----------------------------------------------------+


+--------------------------------------------------------------------------------------------------------------------------------------+
; Registers Removed During Synthesis                                                                                                   ;
+-----------------------------------------------------------------------------------------------------------------+--------------------+
; Register name                                                                                                   ; Reason for Removal ;
+-----------------------------------------------------------------------------------------------------------------+--------------------+
; proc:processor|regn:reg_W|Q[0]                                                                                  ; Lost fanout        ;
; proc:processor|regn:reg_Dout|Q[0..15]                                                                           ; Lost fanout        ;
; proc:processor|regn:reg_Addr|Q[0..4]                                                                            ; Lost fanout        ;
; proc:processor|regn:reg_IR|Q[0..9]                                                                              ; Lost fanout        ;
; proc:processor|regn:reg_G|Q[0..15]                                                                              ; Lost fanout        ;
; proc:processor|regn:reg_A|Q[0..15]                                                                              ; Lost fanout        ;
; proc:processor|counterlpm:reg_7|lpm_counter:LPM_COUNTER_component|cntr_akk:auto_generated|counter_reg_bit[0..5] ; Lost fanout        ;
; proc:processor|regn:reg_6|Q[0..15]                                                                              ; Lost fanout        ;
; proc:processor|regn:reg_5|Q[0..15]                                                                              ; Lost fanout        ;
; proc:processor|regn:reg_4|Q[0..15]                                                                              ; Lost fanout        ;
; proc:processor|regn:reg_3|Q[0..15]                                                                              ; Lost fanout        ;
; proc:processor|regn:reg_2|Q[0..15]                                                                              ; Lost fanout        ;
; proc:processor|regn:reg_1|Q[0..15]                                                                              ; Lost fanout        ;
; proc:processor|regn:reg_0|Q[0..15]                                                                              ; Lost fanout        ;
; proc:processor|upcount:tstep|Q[0,1]                                                                             ; Lost fanout        ;
; Total Number of Removed Registers = 184                                                                         ;                    ;
+-----------------------------------------------------------------------------------------------------------------+--------------------+


+------------------------------------------------------+
; General Register Statistics                          ;
+----------------------------------------------+-------+
; Statistic                                    ; Value ;
+----------------------------------------------+-------+
; Total registers                              ; 0     ;
; Number of registers using Synchronous Clear  ; 0     ;
; Number of registers using Synchronous Load   ; 0     ;
; Number of registers using Asynchronous Clear ; 0     ;
; Number of registers using Asynchronous Load  ; 0     ;
; Number of registers using Clock Enable       ; 0     ;
; Number of registers using Preset             ; 0     ;
+----------------------------------------------+-------+


+--------------------------------------------------------------------------------------------------------------------------+
; Source assignments for instructionFetch:iF|romlpm:address|altsyncram:altsyncram_component|altsyncram_21a1:auto_generated ;
+---------------------------------+--------------------+------+------------------------------------------------------------+
; Assignment                      ; Value              ; From ; To                                                         ;
+---------------------------------+--------------------+------+------------------------------------------------------------+
; OPTIMIZE_POWER_DURING_SYNTHESIS ; NORMAL_COMPILATION ; -    ; -                                                          ;
+---------------------------------+--------------------+------+------------------------------------------------------------+


+-----------------------------------------------------------------------------------------------------+
; Source assignments for ramlpm:memory|altsyncram:altsyncram_component|altsyncram_eli1:auto_generated ;
+---------------------------------+--------------------+------+---------------------------------------+
; Assignment                      ; Value              ; From ; To                                    ;
+---------------------------------+--------------------+------+---------------------------------------+
; OPTIMIZE_POWER_DURING_SYNTHESIS ; NORMAL_COMPILATION ; -    ; -                                     ;
+---------------------------------+--------------------+------+---------------------------------------+


+-----------------------------------------------------------------------------------------------------------------+
; Parameter Settings for User Entity Instance: instructionFetch:iF|romlpm:address|altsyncram:altsyncram_component ;
+------------------------------------+----------------------+-----------------------------------------------------+
; Parameter Name                     ; Value                ; Type                                                ;
+------------------------------------+----------------------+-----------------------------------------------------+
; BYTE_SIZE_BLOCK                    ; 8                    ; Untyped                                             ;
; AUTO_CARRY_CHAINS                  ; ON                   ; AUTO_CARRY                                          ;
; IGNORE_CARRY_BUFFERS               ; OFF                  ; IGNORE_CARRY                                        ;
; AUTO_CASCADE_CHAINS                ; ON                   ; AUTO_CASCADE                                        ;
; IGNORE_CASCADE_BUFFERS             ; OFF                  ; IGNORE_CASCADE                                      ;
; WIDTH_BYTEENA                      ; 1                    ; Untyped                                             ;
; OPERATION_MODE                     ; ROM                  ; Untyped                                             ;
; WIDTH_A                            ; 6                    ; Signed Integer                                      ;
; WIDTHAD_A                          ; 6                    ; Signed Integer                                      ;
; NUMWORDS_A                         ; 64                   ; Signed Integer                                      ;
; OUTDATA_REG_A                      ; UNREGISTERED         ; Untyped                                             ;
; ADDRESS_ACLR_A                     ; NONE                 ; Untyped                                             ;
; OUTDATA_ACLR_A                     ; NONE                 ; Untyped                                             ;
; WRCONTROL_ACLR_A                   ; NONE                 ; Untyped                                             ;
; INDATA_ACLR_A                      ; NONE                 ; Untyped                                             ;
; BYTEENA_ACLR_A                     ; NONE                 ; Untyped                                             ;
; WIDTH_B                            ; 1                    ; Untyped                                             ;
; WIDTHAD_B                          ; 1                    ; Untyped                                             ;
; NUMWORDS_B                         ; 1                    ; Untyped                                             ;
; INDATA_REG_B                       ; CLOCK1               ; Untyped                                             ;
; WRCONTROL_WRADDRESS_REG_B          ; CLOCK1               ; Untyped                                             ;
; RDCONTROL_REG_B                    ; CLOCK1               ; Untyped                                             ;
; ADDRESS_REG_B                      ; CLOCK1               ; Untyped                                             ;
; OUTDATA_REG_B                      ; UNREGISTERED         ; Untyped                                             ;
; BYTEENA_REG_B                      ; CLOCK1               ; Untyped                                             ;
; INDATA_ACLR_B                      ; NONE                 ; Untyped                                             ;
; WRCONTROL_ACLR_B                   ; NONE                 ; Untyped                                             ;
; ADDRESS_ACLR_B                     ; NONE                 ; Untyped                                             ;
; OUTDATA_ACLR_B                     ; NONE                 ; Untyped                                             ;
; RDCONTROL_ACLR_B                   ; NONE                 ; Untyped                                             ;
; BYTEENA_ACLR_B                     ; NONE                 ; Untyped                                             ;
; WIDTH_BYTEENA_A                    ; 1                    ; Signed Integer                                      ;
; WIDTH_BYTEENA_B                    ; 1                    ; Untyped                                             ;
; RAM_BLOCK_TYPE                     ; AUTO                 ; Untyped                                             ;
; BYTE_SIZE                          ; 8                    ; Untyped                                             ;
; READ_DURING_WRITE_MODE_MIXED_PORTS ; DONT_CARE            ; Untyped                                             ;
; READ_DURING_WRITE_MODE_PORT_A      ; NEW_DATA_NO_NBE_READ ; Untyped                                             ;
; READ_DURING_WRITE_MODE_PORT_B      ; NEW_DATA_NO_NBE_READ ; Untyped                                             ;
; INIT_FILE                          ; romMif.mif           ; Untyped                                             ;
; INIT_FILE_LAYOUT                   ; PORT_A               ; Untyped                                             ;
; MAXIMUM_DEPTH                      ; 0                    ; Untyped                                             ;
; CLOCK_ENABLE_INPUT_A               ; BYPASS               ; Untyped                                             ;
; CLOCK_ENABLE_INPUT_B               ; NORMAL               ; Untyped                                             ;
; CLOCK_ENABLE_OUTPUT_A              ; BYPASS               ; Untyped                                             ;
; CLOCK_ENABLE_OUTPUT_B              ; NORMAL               ; Untyped                                             ;
; CLOCK_ENABLE_CORE_A                ; USE_INPUT_CLKEN      ; Untyped                                             ;
; CLOCK_ENABLE_CORE_B                ; USE_INPUT_CLKEN      ; Untyped                                             ;
; ENABLE_ECC                         ; FALSE                ; Untyped                                             ;
; ECC_PIPELINE_STAGE_ENABLED         ; FALSE                ; Untyped                                             ;
; WIDTH_ECCSTATUS                    ; 3                    ; Untyped                                             ;
; DEVICE_FAMILY                      ; Cyclone IV GX        ; Untyped                                             ;
; CBXI_PARAMETER                     ; altsyncram_21a1      ; Untyped                                             ;
+------------------------------------+----------------------+-----------------------------------------------------+
Note: In order to hide this table in the UI and the text report file, please set the "Show Parameter Settings in Synthesis Report" option in "Analysis and Synthesis Settings -> More Settings" to "Off".


+--------------------------------------------------------------------------------------------+
; Parameter Settings for User Entity Instance: ramlpm:memory|altsyncram:altsyncram_component ;
+------------------------------------+----------------------+--------------------------------+
; Parameter Name                     ; Value                ; Type                           ;
+------------------------------------+----------------------+--------------------------------+
; BYTE_SIZE_BLOCK                    ; 8                    ; Untyped                        ;
; AUTO_CARRY_CHAINS                  ; ON                   ; AUTO_CARRY                     ;
; IGNORE_CARRY_BUFFERS               ; OFF                  ; IGNORE_CARRY                   ;
; AUTO_CASCADE_CHAINS                ; ON                   ; AUTO_CASCADE                   ;
; IGNORE_CASCADE_BUFFERS             ; OFF                  ; IGNORE_CASCADE                 ;
; WIDTH_BYTEENA                      ; 1                    ; Untyped                        ;
; OPERATION_MODE                     ; SINGLE_PORT          ; Untyped                        ;
; WIDTH_A                            ; 16                   ; Signed Integer                 ;
; WIDTHAD_A                          ; 6                    ; Signed Integer                 ;
; NUMWORDS_A                         ; 64                   ; Signed Integer                 ;
; OUTDATA_REG_A                      ; UNREGISTERED         ; Untyped                        ;
; ADDRESS_ACLR_A                     ; NONE                 ; Untyped                        ;
; OUTDATA_ACLR_A                     ; NONE                 ; Untyped                        ;
; WRCONTROL_ACLR_A                   ; NONE                 ; Untyped                        ;
; INDATA_ACLR_A                      ; NONE                 ; Untyped                        ;
; BYTEENA_ACLR_A                     ; NONE                 ; Untyped                        ;
; WIDTH_B                            ; 1                    ; Untyped                        ;
; WIDTHAD_B                          ; 1                    ; Untyped                        ;
; NUMWORDS_B                         ; 1                    ; Untyped                        ;
; INDATA_REG_B                       ; CLOCK1               ; Untyped                        ;
; WRCONTROL_WRADDRESS_REG_B          ; CLOCK1               ; Untyped                        ;
; RDCONTROL_REG_B                    ; CLOCK1               ; Untyped                        ;
; ADDRESS_REG_B                      ; CLOCK1               ; Untyped                        ;
; OUTDATA_REG_B                      ; UNREGISTERED         ; Untyped                        ;
; BYTEENA_REG_B                      ; CLOCK1               ; Untyped                        ;
; INDATA_ACLR_B                      ; NONE                 ; Untyped                        ;
; WRCONTROL_ACLR_B                   ; NONE                 ; Untyped                        ;
; ADDRESS_ACLR_B                     ; NONE                 ; Untyped                        ;
; OUTDATA_ACLR_B                     ; NONE                 ; Untyped                        ;
; RDCONTROL_ACLR_B                   ; NONE                 ; Untyped                        ;
; BYTEENA_ACLR_B                     ; NONE                 ; Untyped                        ;
; WIDTH_BYTEENA_A                    ; 1                    ; Signed Integer                 ;
; WIDTH_BYTEENA_B                    ; 1                    ; Untyped                        ;
; RAM_BLOCK_TYPE                     ; AUTO                 ; Untyped                        ;
; BYTE_SIZE                          ; 8                    ; Untyped                        ;
; READ_DURING_WRITE_MODE_MIXED_PORTS ; DONT_CARE            ; Untyped                        ;
; READ_DURING_WRITE_MODE_PORT_A      ; NEW_DATA_NO_NBE_READ ; Untyped                        ;
; READ_DURING_WRITE_MODE_PORT_B      ; NEW_DATA_NO_NBE_READ ; Untyped                        ;
; INIT_FILE                          ; memoryMif.mif        ; Untyped                        ;
; INIT_FILE_LAYOUT                   ; PORT_A               ; Untyped                        ;
; MAXIMUM_DEPTH                      ; 0                    ; Untyped                        ;
; CLOCK_ENABLE_INPUT_A               ; BYPASS               ; Untyped                        ;
; CLOCK_ENABLE_INPUT_B               ; NORMAL               ; Untyped                        ;
; CLOCK_ENABLE_OUTPUT_A              ; BYPASS               ; Untyped                        ;
; CLOCK_ENABLE_OUTPUT_B              ; NORMAL               ; Untyped                        ;
; CLOCK_ENABLE_CORE_A                ; USE_INPUT_CLKEN      ; Untyped                        ;
; CLOCK_ENABLE_CORE_B                ; USE_INPUT_CLKEN      ; Untyped                        ;
; ENABLE_ECC                         ; FALSE                ; Untyped                        ;
; ECC_PIPELINE_STAGE_ENABLED         ; FALSE                ; Untyped                        ;
; WIDTH_ECCSTATUS                    ; 3                    ; Untyped                        ;
; DEVICE_FAMILY                      ; Cyclone IV GX        ; Untyped                        ;
; CBXI_PARAMETER                     ; altsyncram_eli1      ; Untyped                        ;
+------------------------------------+----------------------+--------------------------------+
Note: In order to hide this table in the UI and the text report file, please set the "Show Parameter Settings in Synthesis Report" option in "Analysis and Synthesis Settings -> More Settings" to "Off".


+------------------------------------------------------------------------+
; Parameter Settings for User Entity Instance: proc:processor|regn:reg_0 ;
+----------------+-------+-----------------------------------------------+
; Parameter Name ; Value ; Type                                          ;
+----------------+-------+-----------------------------------------------+
; n              ; 16    ; Signed Integer                                ;
+----------------+-------+-----------------------------------------------+
Note: In order to hide this table in the UI and the text report file, please set the "Show Parameter Settings in Synthesis Report" option in "Analysis and Synthesis Settings -> More Settings" to "Off".


+------------------------------------------------------------------------+
; Parameter Settings for User Entity Instance: proc:processor|regn:reg_1 ;
+----------------+-------+-----------------------------------------------+
; Parameter Name ; Value ; Type                                          ;
+----------------+-------+-----------------------------------------------+
; n              ; 16    ; Signed Integer                                ;
+----------------+-------+-----------------------------------------------+
Note: In order to hide this table in the UI and the text report file, please set the "Show Parameter Settings in Synthesis Report" option in "Analysis and Synthesis Settings -> More Settings" to "Off".


+------------------------------------------------------------------------+
; Parameter Settings for User Entity Instance: proc:processor|regn:reg_2 ;
+----------------+-------+-----------------------------------------------+
; Parameter Name ; Value ; Type                                          ;
+----------------+-------+-----------------------------------------------+
; n              ; 16    ; Signed Integer                                ;
+----------------+-------+-----------------------------------------------+
Note: In order to hide this table in the UI and the text report file, please set the "Show Parameter Settings in Synthesis Report" option in "Analysis and Synthesis Settings -> More Settings" to "Off".


+------------------------------------------------------------------------+
; Parameter Settings for User Entity Instance: proc:processor|regn:reg_3 ;
+----------------+-------+-----------------------------------------------+
; Parameter Name ; Value ; Type                                          ;
+----------------+-------+-----------------------------------------------+
; n              ; 16    ; Signed Integer                                ;
+----------------+-------+-----------------------------------------------+
Note: In order to hide this table in the UI and the text report file, please set the "Show Parameter Settings in Synthesis Report" option in "Analysis and Synthesis Settings -> More Settings" to "Off".


+------------------------------------------------------------------------+
; Parameter Settings for User Entity Instance: proc:processor|regn:reg_4 ;
+----------------+-------+-----------------------------------------------+
; Parameter Name ; Value ; Type                                          ;
+----------------+-------+-----------------------------------------------+
; n              ; 16    ; Signed Integer                                ;
+----------------+-------+-----------------------------------------------+
Note: In order to hide this table in the UI and the text report file, please set the "Show Parameter Settings in Synthesis Report" option in "Analysis and Synthesis Settings -> More Settings" to "Off".


+------------------------------------------------------------------------+
; Parameter Settings for User Entity Instance: proc:processor|regn:reg_5 ;
+----------------+-------+-----------------------------------------------+
; Parameter Name ; Value ; Type                                          ;
+----------------+-------+-----------------------------------------------+
; n              ; 16    ; Signed Integer                                ;
+----------------+-------+-----------------------------------------------+
Note: In order to hide this table in the UI and the text report file, please set the "Show Parameter Settings in Synthesis Report" option in "Analysis and Synthesis Settings -> More Settings" to "Off".


+------------------------------------------------------------------------+
; Parameter Settings for User Entity Instance: proc:processor|regn:reg_6 ;
+----------------+-------+-----------------------------------------------+
; Parameter Name ; Value ; Type                                          ;
+----------------+-------+-----------------------------------------------+
; n              ; 16    ; Signed Integer                                ;
+----------------+-------+-----------------------------------------------+
Note: In order to hide this table in the UI and the text report file, please set the "Show Parameter Settings in Synthesis Report" option in "Analysis and Synthesis Settings -> More Settings" to "Off".


+----------------------------------------------------------------------------------------------------------------+
; Parameter Settings for User Entity Instance: proc:processor|counterlpm:reg_7|lpm_counter:LPM_COUNTER_component ;
+------------------------+---------------+-----------------------------------------------------------------------+
; Parameter Name         ; Value         ; Type                                                                  ;
+------------------------+---------------+-----------------------------------------------------------------------+
; AUTO_CARRY_CHAINS      ; ON            ; AUTO_CARRY                                                            ;
; IGNORE_CARRY_BUFFERS   ; OFF           ; IGNORE_CARRY                                                          ;
; AUTO_CASCADE_CHAINS    ; ON            ; AUTO_CASCADE                                                          ;
; IGNORE_CASCADE_BUFFERS ; OFF           ; IGNORE_CASCADE                                                        ;
; LPM_WIDTH              ; 6             ; Signed Integer                                                        ;
; LPM_DIRECTION          ; UP            ; Untyped                                                               ;
; LPM_MODULUS            ; 0             ; Untyped                                                               ;
; LPM_AVALUE             ; UNUSED        ; Untyped                                                               ;
; LPM_SVALUE             ; UNUSED        ; Untyped                                                               ;
; LPM_PORT_UPDOWN        ; PORT_UNUSED   ; Untyped                                                               ;
; DEVICE_FAMILY          ; Cyclone IV GX ; Untyped                                                               ;
; CARRY_CHAIN            ; MANUAL        ; Untyped                                                               ;
; CARRY_CHAIN_LENGTH     ; 48            ; CARRY_CHAIN_LENGTH                                                    ;
; NOT_GATE_PUSH_BACK     ; ON            ; NOT_GATE_PUSH_BACK                                                    ;
; CARRY_CNT_EN           ; SMART         ; Untyped                                                               ;
; LABWIDE_SCLR           ; ON            ; Untyped                                                               ;
; USE_NEW_VERSION        ; TRUE          ; Untyped                                                               ;
; CBXI_PARAMETER         ; cntr_akk      ; Untyped                                                               ;
+------------------------+---------------+-----------------------------------------------------------------------+
Note: In order to hide this table in the UI and the text report file, please set the "Show Parameter Settings in Synthesis Report" option in "Analysis and Synthesis Settings -> More Settings" to "Off".


+------------------------------------------------------------------------+
; Parameter Settings for User Entity Instance: proc:processor|regn:reg_A ;
+----------------+-------+-----------------------------------------------+
; Parameter Name ; Value ; Type                                          ;
+----------------+-------+-----------------------------------------------+
; n              ; 16    ; Signed Integer                                ;
+----------------+-------+-----------------------------------------------+
Note: In order to hide this table in the UI and the text report file, please set the "Show Parameter Settings in Synthesis Report" option in "Analysis and Synthesis Settings -> More Settings" to "Off".


+------------------------------------------------------------------------+
; Parameter Settings for User Entity Instance: proc:processor|regn:reg_G ;
+----------------+-------+-----------------------------------------------+
; Parameter Name ; Value ; Type                                          ;
+----------------+-------+-----------------------------------------------+
; n              ; 16    ; Signed Integer                                ;
+----------------+-------+-----------------------------------------------+
Note: In order to hide this table in the UI and the text report file, please set the "Show Parameter Settings in Synthesis Report" option in "Analysis and Synthesis Settings -> More Settings" to "Off".


+-------------------------------------------------------------------------+
; Parameter Settings for User Entity Instance: proc:processor|regn:reg_IR ;
+----------------+-------+------------------------------------------------+
; Parameter Name ; Value ; Type                                           ;
+----------------+-------+------------------------------------------------+
; n              ; 10    ; Signed Integer                                 ;
+----------------+-------+------------------------------------------------+
Note: In order to hide this table in the UI and the text report file, please set the "Show Parameter Settings in Synthesis Report" option in "Analysis and Synthesis Settings -> More Settings" to "Off".


+---------------------------------------------------------------------------+
; Parameter Settings for User Entity Instance: proc:processor|regn:reg_Addr ;
+----------------+-------+--------------------------------------------------+
; Parameter Name ; Value ; Type                                             ;
+----------------+-------+--------------------------------------------------+
; n              ; 16    ; Signed Integer                                   ;
+----------------+-------+--------------------------------------------------+
Note: In order to hide this table in the UI and the text report file, please set the "Show Parameter Settings in Synthesis Report" option in "Analysis and Synthesis Settings -> More Settings" to "Off".


+---------------------------------------------------------------------------+
; Parameter Settings for User Entity Instance: proc:processor|regn:reg_Dout ;
+----------------+-------+--------------------------------------------------+
; Parameter Name ; Value ; Type                                             ;
+----------------+-------+--------------------------------------------------+
; n              ; 16    ; Signed Integer                                   ;
+----------------+-------+--------------------------------------------------+
Note: In order to hide this table in the UI and the text report file, please set the "Show Parameter Settings in Synthesis Report" option in "Analysis and Synthesis Settings -> More Settings" to "Off".


+------------------------------------------------------------------------+
; Parameter Settings for User Entity Instance: proc:processor|regn:reg_W ;
+----------------+-------+-----------------------------------------------+
; Parameter Name ; Value ; Type                                          ;
+----------------+-------+-----------------------------------------------+
; n              ; 1     ; Signed Integer                                ;
+----------------+-------+-----------------------------------------------+
Note: In order to hide this table in the UI and the text report file, please set the "Show Parameter Settings in Synthesis Report" option in "Analysis and Synthesis Settings -> More Settings" to "Off".


+----------------------------------------------------------------------------------------------------------------+
; altsyncram Parameter Settings by Entity Instance                                                               ;
+-------------------------------------------+--------------------------------------------------------------------+
; Name                                      ; Value                                                              ;
+-------------------------------------------+--------------------------------------------------------------------+
; Number of entity instances                ; 2                                                                  ;
; Entity Instance                           ; instructionFetch:iF|romlpm:address|altsyncram:altsyncram_component ;
;     -- OPERATION_MODE                     ; ROM                                                                ;
;     -- WIDTH_A                            ; 6                                                                  ;
;     -- NUMWORDS_A                         ; 64                                                                 ;
;     -- OUTDATA_REG_A                      ; UNREGISTERED                                                       ;
;     -- WIDTH_B                            ; 1                                                                  ;
;     -- NUMWORDS_B                         ; 1                                                                  ;
;     -- ADDRESS_REG_B                      ; CLOCK1                                                             ;
;     -- OUTDATA_REG_B                      ; UNREGISTERED                                                       ;
;     -- RAM_BLOCK_TYPE                     ; AUTO                                                               ;
;     -- READ_DURING_WRITE_MODE_MIXED_PORTS ; DONT_CARE                                                          ;
; Entity Instance                           ; ramlpm:memory|altsyncram:altsyncram_component                      ;
;     -- OPERATION_MODE                     ; SINGLE_PORT                                                        ;
;     -- WIDTH_A                            ; 16                                                                 ;
;     -- NUMWORDS_A                         ; 64                                                                 ;
;     -- OUTDATA_REG_A                      ; UNREGISTERED                                                       ;
;     -- WIDTH_B                            ; 1                                                                  ;
;     -- NUMWORDS_B                         ; 1                                                                  ;
;     -- ADDRESS_REG_B                      ; CLOCK1                                                             ;
;     -- OUTDATA_REG_B                      ; UNREGISTERED                                                       ;
;     -- RAM_BLOCK_TYPE                     ; AUTO                                                               ;
;     -- READ_DURING_WRITE_MODE_MIXED_PORTS ; DONT_CARE                                                          ;
+-------------------------------------------+--------------------------------------------------------------------+


+-------------------------------------------------------+
; Port Connectivity Checks: "proc:processor|regn:reg_W" ;
+------+-------+----------+-----------------------------+
; Port ; Type  ; Severity ; Details                     ;
+------+-------+----------+-----------------------------+
; Rin  ; Input ; Info     ; Stuck at VCC                ;
+------+-------+----------+-----------------------------+


+-------------------------------------------------------------+
; Port Connectivity Checks: "proc:processor|counterlpm:reg_7" ;
+--------+-------+----------+---------------------------------+
; Port   ; Type  ; Severity ; Details                         ;
+--------+-------+----------+---------------------------------+
; clk_en ; Input ; Info     ; Stuck at VCC                    ;
+--------+-------+----------+---------------------------------+


+---------------------------------------------------------+
; Port Connectivity Checks: "proc:processor|dec3to8:decY" ;
+------+-------+----------+-------------------------------+
; Port ; Type  ; Severity ; Details                       ;
+------+-------+----------+-------------------------------+
; En   ; Input ; Info     ; Stuck at VCC                  ;
+------+-------+----------+-------------------------------+


+---------------------------------------------------------+
; Port Connectivity Checks: "proc:processor|dec3to8:decX" ;
+------+-------+----------+-------------------------------+
; Port ; Type  ; Severity ; Details                       ;
+------+-------+----------+-------------------------------+
; En   ; Input ; Info     ; Stuck at VCC                  ;
+------+-------+----------+-------------------------------+


+------------------------------------------------------------------------------------------------------------------------+
; Port Connectivity Checks: "proc:processor"                                                                             ;
+--------------+--------+----------+-------------------------------------------------------------------------------------+
; Port         ; Type   ; Severity ; Details                                                                             ;
+--------------+--------+----------+-------------------------------------------------------------------------------------+
; Done         ; Output ; Info     ; Connected to dangling logic. Logic that only feeds a dangling port will be removed. ;
; BusWires     ; Output ; Info     ; Connected to dangling logic. Logic that only feeds a dangling port will be removed. ;
; addrM[15..5] ; Output ; Info     ; Connected to dangling logic. Logic that only feeds a dangling port will be removed. ;
+--------------+--------+----------+-------------------------------------------------------------------------------------+


+----------------------------------------------+
; Port Connectivity Checks: "ramlpm:memory"    ;
+------------+-------+----------+--------------+
; Port       ; Type  ; Severity ; Details      ;
+------------+-------+----------+--------------+
; address[5] ; Input ; Info     ; Stuck at GND ;
+------------+-------+----------+--------------+


+-------------------------------+
; Elapsed Time Per Partition    ;
+----------------+--------------+
; Partition Name ; Elapsed Time ;
+----------------+--------------+
; Top            ; 00:00:00     ;
+----------------+--------------+


+-------------------------------+
; Analysis & Synthesis Messages ;
+-------------------------------+
Info: *******************************************************************
Info: Running Quartus II 64-Bit Analysis & Synthesis
    Info: Version 13.0.1 Build 232 06/12/2013 Service Pack 1 SJ Web Edition
    Info: Processing started: Thu Jul 22 19:07:39 2021
Info: Command: quartus_map --read_settings_files=on --write_settings_files=off pratica2 -c pratica2
Warning (20028): Parallel compilation is not licensed and has been disabled
Warning (12019): Can't analyze file -- file ifetch.v is missing
Info (12021): Found 1 design units, including 1 entities, in source file tlb.v
    Info (12023): Found entity 1: TLB
Info (12021): Found 1 design units, including 1 entities, in source file pratica2.v
    Info (12023): Found entity 1: pratica2
Warning (12019): Can't analyze file -- file dec3to5.v is missing
Warning (12019): Can't analyze file -- file dec3to4.v is missing
Info (12021): Found 1 design units, including 1 entities, in source file proc.v
    Info (12023): Found entity 1: proc
Info (12021): Found 2 design units, including 2 entities, in source file upcount.v
    Info (12023): Found entity 1: upcount
    Info (12023): Found entity 2: upcount_5
Info (12021): Found 1 design units, including 1 entities, in source file regn.v
    Info (12023): Found entity 1: regn
Warning (12019): Can't analyze file -- file multiplex.v is missing
Warning (12019): Can't analyze file -- file alu.v is missing
Info (12021): Found 1 design units, including 1 entities, in source file ramlpm.v
    Info (12023): Found entity 1: ramlpm
Info (12021): Found 1 design units, including 1 entities, in source file romlpm.v
    Info (12023): Found entity 1: romlpm
Info (12021): Found 1 design units, including 1 entities, in source file counterlpm.v
    Info (12023): Found entity 1: counterlpm
Info (12021): Found 1 design units, including 1 entities, in source file dec3to8.v
    Info (12023): Found entity 1: dec3to8
Info (12021): Found 1 design units, including 1 entities, in source file instructionfetch.v
    Info (12023): Found entity 1: instructionFetch
Info (12021): Found 1 design units, including 1 entities, in source file ula.v
    Info (12023): Found entity 1: ULA
Warning (12090): Entity "MUX" obtained from "MUX.v" instead of from Quartus II megafunction library
Info (12021): Found 1 design units, including 1 entities, in source file mux.v
    Info (12023): Found entity 1: MUX
Info (12127): Elaborating entity "pratica2" for the top level hierarchy
Info (12128): Elaborating entity "instructionFetch" for hierarchy "instructionFetch:iF"
Info (12128): Elaborating entity "romlpm" for hierarchy "instructionFetch:iF|romlpm:address"
Info (12128): Elaborating entity "altsyncram" for hierarchy "instructionFetch:iF|romlpm:address|altsyncram:altsyncram_component"
Info (12130): Elaborated megafunction instantiation "instructionFetch:iF|romlpm:address|altsyncram:altsyncram_component"
Info (12133): Instantiated megafunction "instructionFetch:iF|romlpm:address|altsyncram:altsyncram_component" with the following parameter:
    Info (12134): Parameter "address_aclr_a" = "NONE"
    Info (12134): Parameter "clock_enable_input_a" = "BYPASS"
    Info (12134): Parameter "clock_enable_output_a" = "BYPASS"
    Info (12134): Parameter "init_file" = "romMif.mif"
    Info (12134): Parameter "intended_device_family" = "Cyclone IV GX"
    Info (12134): Parameter "lpm_hint" = "ENABLE_RUNTIME_MOD=NO"
    Info (12134): Parameter "lpm_type" = "altsyncram"
    Info (12134): Parameter "numwords_a" = "64"
    Info (12134): Parameter "operation_mode" = "ROM"
    Info (12134): Parameter "outdata_aclr_a" = "NONE"
    Info (12134): Parameter "outdata_reg_a" = "UNREGISTERED"
    Info (12134): Parameter "widthad_a" = "6"
    Info (12134): Parameter "width_a" = "6"
    Info (12134): Parameter "width_byteena_a" = "1"
Info (12021): Found 1 design units, including 1 entities, in source file db/altsyncram_21a1.tdf
    Info (12023): Found entity 1: altsyncram_21a1
Info (12128): Elaborating entity "altsyncram_21a1" for hierarchy "instructionFetch:iF|romlpm:address|altsyncram:altsyncram_component|altsyncram_21a1:auto_generated"
Info (12128): Elaborating entity "TLB" for hierarchy "instructionFetch:iF|TLB:tlb"
Warning (10855): Verilog HDL warning at tlb.v(12): initial value for variable vP should be constant
Warning (10030): Net "vP[0..37]" at tlb.v(7) has no driver or initial value, using a default initial value '0'
Warning (10030): Net "fP.data_a" at tlb.v(8) has no driver or initial value, using a default initial value '0'
Warning (10030): Net "fP.waddr_a" at tlb.v(8) has no driver or initial value, using a default initial value '0'
Warning (10030): Net "fP.we_a" at tlb.v(8) has no driver or initial value, using a default initial value '0'
Info (12128): Elaborating entity "ramlpm" for hierarchy "ramlpm:memory"
Info (12128): Elaborating entity "altsyncram" for hierarchy "ramlpm:memory|altsyncram:altsyncram_component"
Info (12130): Elaborated megafunction instantiation "ramlpm:memory|altsyncram:altsyncram_component"
Info (12133): Instantiated megafunction "ramlpm:memory|altsyncram:altsyncram_component" with the following parameter:
    Info (12134): Parameter "clock_enable_input_a" = "BYPASS"
    Info (12134): Parameter "clock_enable_output_a" = "BYPASS"
    Info (12134): Parameter "init_file" = "memoryMif.mif"
    Info (12134): Parameter "intended_device_family" = "Cyclone IV GX"
    Info (12134): Parameter "lpm_hint" = "ENABLE_RUNTIME_MOD=NO"
    Info (12134): Parameter "lpm_type" = "altsyncram"
    Info (12134): Parameter "numwords_a" = "64"
    Info (12134): Parameter "operation_mode" = "SINGLE_PORT"
    Info (12134): Parameter "outdata_aclr_a" = "NONE"
    Info (12134): Parameter "outdata_reg_a" = "UNREGISTERED"
    Info (12134): Parameter "power_up_uninitialized" = "FALSE"
    Info (12134): Parameter "read_during_write_mode_port_a" = "NEW_DATA_NO_NBE_READ"
    Info (12134): Parameter "widthad_a" = "6"
    Info (12134): Parameter "width_a" = "16"
    Info (12134): Parameter "width_byteena_a" = "1"
Info (12021): Found 1 design units, including 1 entities, in source file db/altsyncram_eli1.tdf
    Info (12023): Found entity 1: altsyncram_eli1
Info (12128): Elaborating entity "altsyncram_eli1" for hierarchy "ramlpm:memory|altsyncram:altsyncram_component|altsyncram_eli1:auto_generated"
Info (12128): Elaborating entity "proc" for hierarchy "proc:processor"
Warning (10235): Verilog HDL Always Construct warning at proc.v(61): variable "Run" is read inside the Always Construct but isn't in the Always Construct's Event Control
Warning (10235): Verilog HDL Always Construct warning at proc.v(84): variable "G" is read inside the Always Construct but isn't in the Always Construct's Event Control
Warning (10270): Verilog HDL Case Statement warning at proc.v(71): incomplete case statement has no default case item
Warning (10270): Verilog HDL Case Statement warning at proc.v(136): incomplete case statement has no default case item
Info (12128): Elaborating entity "dec3to8" for hierarchy "proc:processor|dec3to8:decX"
Info (12128): Elaborating entity "upcount" for hierarchy "proc:processor|upcount:tstep"
Info (12128): Elaborating entity "regn" for hierarchy "proc:processor|regn:reg_0"
Info (12128): Elaborating entity "counterlpm" for hierarchy "proc:processor|counterlpm:reg_7"
Info (12128): Elaborating entity "lpm_counter" for hierarchy "proc:processor|counterlpm:reg_7|lpm_counter:LPM_COUNTER_component"
Info (12130): Elaborated megafunction instantiation "proc:processor|counterlpm:reg_7|lpm_counter:LPM_COUNTER_component"
Info (12133): Instantiated megafunction "proc:processor|counterlpm:reg_7|lpm_counter:LPM_COUNTER_component" with the following parameter:
    Info (12134): Parameter "lpm_direction" = "UP"
    Info (12134): Parameter "lpm_port_updown" = "PORT_UNUSED"
    Info (12134): Parameter "lpm_type" = "LPM_COUNTER"
    Info (12134): Parameter "lpm_width" = "6"
Info (12021): Found 1 design units, including 1 entities, in source file db/cntr_akk.tdf
    Info (12023): Found entity 1: cntr_akk
Info (12128): Elaborating entity "cntr_akk" for hierarchy "proc:processor|counterlpm:reg_7|lpm_counter:LPM_COUNTER_component|cntr_akk:auto_generated"
Info (12128): Elaborating entity "regn" for hierarchy "proc:processor|regn:reg_IR"
Warning (10230): Verilog HDL assignment warning at regn.v(9): truncated value with size 16 to match size of target (10)
Warning (10230): Verilog HDL assignment warning at regn.v(16): truncated value with size 16 to match size of target (10)
Info (12128): Elaborating entity "ULA" for hierarchy "proc:processor|ULA:ula"
Warning (10270): Verilog HDL Case Statement warning at ULA.v(8): incomplete case statement has no default case item
Warning (10240): Verilog HDL Always Construct warning at ULA.v(8): inferring latch(es) for variable "G", which holds its previous value in one or more paths through the always construct
Info (10041): Inferred latch for "G[0]" at ULA.v(8)
Info (10041): Inferred latch for "G[1]" at ULA.v(8)
Info (10041): Inferred latch for "G[2]" at ULA.v(8)
Info (10041): Inferred latch for "G[3]" at ULA.v(8)
Info (10041): Inferred latch for "G[4]" at ULA.v(8)
Info (10041): Inferred latch for "G[5]" at ULA.v(8)
Info (10041): Inferred latch for "G[6]" at ULA.v(8)
Info (10041): Inferred latch for "G[7]" at ULA.v(8)
Info (10041): Inferred latch for "G[8]" at ULA.v(8)
Info (10041): Inferred latch for "G[9]" at ULA.v(8)
Info (10041): Inferred latch for "G[10]" at ULA.v(8)
Info (10041): Inferred latch for "G[11]" at ULA.v(8)
Info (10041): Inferred latch for "G[12]" at ULA.v(8)
Info (10041): Inferred latch for "G[13]" at ULA.v(8)
Info (10041): Inferred latch for "G[14]" at ULA.v(8)
Info (10041): Inferred latch for "G[15]" at ULA.v(8)
Info (12128): Elaborating entity "regn" for hierarchy "proc:processor|regn:reg_W"
Warning (10230): Verilog HDL assignment warning at regn.v(9): truncated value with size 16 to match size of target (1)
Warning (10230): Verilog HDL assignment warning at regn.v(16): truncated value with size 16 to match size of target (1)
Info (12128): Elaborating entity "MUX" for hierarchy "proc:processor|MUX:mux"
Warning (10235): Verilog HDL Always Construct warning at MUX.v(12): variable "din" is read inside the Always Construct but isn't in the Always Construct's Event Control
Warning (10235): Verilog HDL Always Construct warning at MUX.v(13): variable "r0" is read inside the Always Construct but isn't in the Always Construct's Event Control
Warning (10235): Verilog HDL Always Construct warning at MUX.v(14): variable "r1" is read inside the Always Construct but isn't in the Always Construct's Event Control
Warning (10235): Verilog HDL Always Construct warning at MUX.v(15): variable "r2" is read inside the Always Construct but isn't in the Always Construct's Event Control
Warning (10235): Verilog HDL Always Construct warning at MUX.v(16): variable "r3" is read inside the Always Construct but isn't in the Always Construct's Event Control
Warning (10235): Verilog HDL Always Construct warning at MUX.v(17): variable "r4" is read inside the Always Construct but isn't in the Always Construct's Event Control
Warning (10235): Verilog HDL Always Construct warning at MUX.v(18): variable "r5" is read inside the Always Construct but isn't in the Always Construct's Event Control
Warning (10235): Verilog HDL Always Construct warning at MUX.v(19): variable "r6" is read inside the Always Construct but isn't in the Always Construct's Event Control
Warning (10235): Verilog HDL Always Construct warning at MUX.v(20): variable "r7" is read inside the Always Construct but isn't in the Always Construct's Event Control
Warning (10235): Verilog HDL Always Construct warning at MUX.v(21): variable "g" is read inside the Always Construct but isn't in the Always Construct's Event Control
Warning (10235): Verilog HDL Always Construct warning at MUX.v(22): variable "mem" is read inside the Always Construct but isn't in the Always Construct's Event Control
Warning (10270): Verilog HDL Case Statement warning at MUX.v(11): incomplete case statement has no default case item
Info (10264): Verilog HDL Case Statement information at MUX.v(11): all case item expressions in this case statement are onehot
Warning (10240): Verilog HDL Always Construct warning at MUX.v(9): inferring latch(es) for variable "out", which holds its previous value in one or more paths through the always construct
Info (10041): Inferred latch for "out[0]" at MUX.v(9)
Info (10041): Inferred latch for "out[1]" at MUX.v(9)
Info (10041): Inferred latch for "out[2]" at MUX.v(9)
Info (10041): Inferred latch for "out[3]" at MUX.v(9)
Info (10041): Inferred latch for "out[4]" at MUX.v(9)
Info (10041): Inferred latch for "out[5]" at MUX.v(9)
Info (10041): Inferred latch for "out[6]" at MUX.v(9)
Info (10041): Inferred latch for "out[7]" at MUX.v(9)
Info (10041): Inferred latch for "out[8]" at MUX.v(9)
Info (10041): Inferred latch for "out[9]" at MUX.v(9)
Info (10041): Inferred latch for "out[10]" at MUX.v(9)
Info (10041): Inferred latch for "out[11]" at MUX.v(9)
Info (10041): Inferred latch for "out[12]" at MUX.v(9)
Info (10041): Inferred latch for "out[13]" at MUX.v(9)
Info (10041): Inferred latch for "out[14]" at MUX.v(9)
Info (10041): Inferred latch for "out[15]" at MUX.v(9)
Warning (14284): Synthesized away the following node(s):
    Warning (14285): Synthesized away the following RAM node(s):
        Warning (14320): Synthesized away node "ramlpm:memory|altsyncram:altsyncram_component|altsyncram_eli1:auto_generated|q_a[0]"
        Warning (14320): Synthesized away node "ramlpm:memory|altsyncram:altsyncram_component|altsyncram_eli1:auto_generated|q_a[1]"
        Warning (14320): Synthesized away node "ramlpm:memory|altsyncram:altsyncram_component|altsyncram_eli1:auto_generated|q_a[2]"
        Warning (14320): Synthesized away node "ramlpm:memory|altsyncram:altsyncram_component|altsyncram_eli1:auto_generated|q_a[3]"
        Warning (14320): Synthesized away node "ramlpm:memory|altsyncram:altsyncram_component|altsyncram_eli1:auto_generated|q_a[4]"
        Warning (14320): Synthesized away node "ramlpm:memory|altsyncram:altsyncram_component|altsyncram_eli1:auto_generated|q_a[5]"
        Warning (14320): Synthesized away node "ramlpm:memory|altsyncram:altsyncram_component|altsyncram_eli1:auto_generated|q_a[6]"
        Warning (14320): Synthesized away node "ramlpm:memory|altsyncram:altsyncram_component|altsyncram_eli1:auto_generated|q_a[7]"
        Warning (14320): Synthesized away node "ramlpm:memory|altsyncram:altsyncram_component|altsyncram_eli1:auto_generated|q_a[8]"
        Warning (14320): Synthesized away node "ramlpm:memory|altsyncram:altsyncram_component|altsyncram_eli1:auto_generated|q_a[9]"
        Warning (14320): Synthesized away node "ramlpm:memory|altsyncram:altsyncram_component|altsyncram_eli1:auto_generated|q_a[10]"
        Warning (14320): Synthesized away node "ramlpm:memory|altsyncram:altsyncram_component|altsyncram_eli1:auto_generated|q_a[11]"
        Warning (14320): Synthesized away node "ramlpm:memory|altsyncram:altsyncram_component|altsyncram_eli1:auto_generated|q_a[12]"
        Warning (14320): Synthesized away node "ramlpm:memory|altsyncram:altsyncram_component|altsyncram_eli1:auto_generated|q_a[13]"
        Warning (14320): Synthesized away node "ramlpm:memory|altsyncram:altsyncram_component|altsyncram_eli1:auto_generated|q_a[14]"
        Warning (14320): Synthesized away node "ramlpm:memory|altsyncram:altsyncram_component|altsyncram_eli1:auto_generated|q_a[15]"
Warning (14284): Synthesized away the following node(s):
    Warning (14285): Synthesized away the following RAM node(s):
        Warning (14320): Synthesized away node "instructionFetch:iF|romlpm:address|altsyncram:altsyncram_component|altsyncram_21a1:auto_generated|q_a[0]"
        Warning (14320): Synthesized away node "instructionFetch:iF|romlpm:address|altsyncram:altsyncram_component|altsyncram_21a1:auto_generated|q_a[1]"
        Warning (14320): Synthesized away node "instructionFetch:iF|romlpm:address|altsyncram:altsyncram_component|altsyncram_21a1:auto_generated|q_a[2]"
        Warning (14320): Synthesized away node "instructionFetch:iF|romlpm:address|altsyncram:altsyncram_component|altsyncram_21a1:auto_generated|q_a[3]"
        Warning (14320): Synthesized away node "instructionFetch:iF|romlpm:address|altsyncram:altsyncram_component|altsyncram_21a1:auto_generated|q_a[4]"
        Warning (14320): Synthesized away node "instructionFetch:iF|romlpm:address|altsyncram:altsyncram_component|altsyncram_21a1:auto_generated|q_a[5]"
Info (17049): 184 registers lost all their fanouts during netlist optimizations.
Info (16010): Generating hard_block partition "hard_block:auto_generated_inst"
    Info (16011): Adding 0 node(s), including 0 DDIO, 0 PLL, 0 transceiver and 0 LCELL
Warning (21074): Design contains 4 input pin(s) that do not drive logic
    Warning (15610): No output dependent on input pin "MClock"
    Warning (15610): No output dependent on input pin "PClock"
    Warning (15610): No output dependent on input pin "Resetn"
    Warning (15610): No output dependent on input pin "Run"
Info (21057): Implemented 4 device resources after synthesis - the final resource count might be different
    Info (21058): Implemented 4 input pins
    Info (21059): Implemented 0 output pins
Info: Quartus II 64-Bit Analysis & Synthesis was successful. 0 errors, 66 warnings
    Info: Peak virtual memory: 4663 megabytes
    Info: Processing ended: Thu Jul 22 19:07:41 2021
    Info: Elapsed time: 00:00:02
    Info: Total CPU time (on all processors): 00:00:02


