Analysis & Synthesis report for pratica_3_tomasulo
Fri Aug 13 17:58:08 2021
Quartus II 64-Bit Version 13.0.1 Build 232 06/12/2013 Service Pack 1 SJ Web Edition


---------------------
; Table of Contents ;
---------------------
  1. Legal Notice
  2. Analysis & Synthesis Summary
  3. Analysis & Synthesis Settings
  4. Parallel Compilation
  5. Analysis & Synthesis Source Files Read
  6. Analysis & Synthesis Resource Usage Summary
  7. Analysis & Synthesis Resource Utilization by Entity
  8. General Register Statistics
  9. Port Connectivity Checks: "CDB:cdb|Reservation_Station:rs"
 10. Elapsed Time Per Partition
 11. Analysis & Synthesis Messages
 12. Analysis & Synthesis Suppressed Messages



----------------
; Legal Notice ;
----------------
Copyright (C) 1991-2013 Altera Corporation
Your use of Altera Corporation's design tools, logic functions 
and other software and tools, and its AMPP partner logic 
functions, and any output files from any of the foregoing 
(including device programming or simulation files), and any 
associated documentation or information are expressly subject 
to the terms and conditions of the Altera Program License 
Subscription Agreement, Altera MegaCore Function License 
Agreement, or other applicable license agreement, including, 
without limitation, that your use is for the sole purpose of 
programming logic devices manufactured by Altera and sold by 
Altera or its authorized distributors.  Please refer to the 
applicable agreement for further details.



+--------------------------------------------------------------------------------------+
; Analysis & Synthesis Summary                                                         ;
+------------------------------------+-------------------------------------------------+
; Analysis & Synthesis Status        ; Successful - Fri Aug 13 17:58:08 2021           ;
; Quartus II 64-Bit Version          ; 13.0.1 Build 232 06/12/2013 SP 1 SJ Web Edition ;
; Revision Name                      ; pratica_3_tomasulo                              ;
; Top-level Entity Name              ; pratica_3_tomasulo                              ;
; Family                             ; Cyclone II                                      ;
; Total logic elements               ; 0                                               ;
;     Total combinational functions  ; 0                                               ;
;     Dedicated logic registers      ; 0                                               ;
; Total registers                    ; 0                                               ;
; Total pins                         ; 1                                               ;
; Total virtual pins                 ; 0                                               ;
; Total memory bits                  ; 0                                               ;
; Embedded Multiplier 9-bit elements ; 0                                               ;
; Total PLLs                         ; 0                                               ;
+------------------------------------+-------------------------------------------------+


+----------------------------------------------------------------------------------------------------------------------+
; Analysis & Synthesis Settings                                                                                        ;
+----------------------------------------------------------------------------+--------------------+--------------------+
; Option                                                                     ; Setting            ; Default Value      ;
+----------------------------------------------------------------------------+--------------------+--------------------+
; Device                                                                     ; EP2C35F672C6       ;                    ;
; Top-level entity name                                                      ; pratica_3_tomasulo ; pratica_3_tomasulo ;
; Family name                                                                ; Cyclone II         ; Cyclone IV GX      ;
; Use smart compilation                                                      ; Off                ; Off                ;
; Enable parallel Assembler and TimeQuest Timing Analyzer during compilation ; On                 ; On                 ;
; Enable compact report table                                                ; Off                ; Off                ;
; Restructure Multiplexers                                                   ; Auto               ; Auto               ;
; Create Debugging Nodes for IP Cores                                        ; Off                ; Off                ;
; Preserve fewer node names                                                  ; On                 ; On                 ;
; Disable OpenCore Plus hardware evaluation                                  ; Off                ; Off                ;
; Verilog Version                                                            ; Verilog_2001       ; Verilog_2001       ;
; VHDL Version                                                               ; VHDL_1993          ; VHDL_1993          ;
; State Machine Processing                                                   ; Auto               ; Auto               ;
; Safe State Machine                                                         ; Off                ; Off                ;
; Extract Verilog State Machines                                             ; On                 ; On                 ;
; Extract VHDL State Machines                                                ; On                 ; On                 ;
; Ignore Verilog initial constructs                                          ; Off                ; Off                ;
; Iteration limit for constant Verilog loops                                 ; 5000               ; 5000               ;
; Iteration limit for non-constant Verilog loops                             ; 250                ; 250                ;
; Add Pass-Through Logic to Inferred RAMs                                    ; On                 ; On                 ;
; Infer RAMs from Raw Logic                                                  ; On                 ; On                 ;
; Parallel Synthesis                                                         ; On                 ; On                 ;
; DSP Block Balancing                                                        ; Auto               ; Auto               ;
; NOT Gate Push-Back                                                         ; On                 ; On                 ;
; Power-Up Don't Care                                                        ; On                 ; On                 ;
; Remove Redundant Logic Cells                                               ; Off                ; Off                ;
; Remove Duplicate Registers                                                 ; On                 ; On                 ;
; Ignore CARRY Buffers                                                       ; Off                ; Off                ;
; Ignore CASCADE Buffers                                                     ; Off                ; Off                ;
; Ignore GLOBAL Buffers                                                      ; Off                ; Off                ;
; Ignore ROW GLOBAL Buffers                                                  ; Off                ; Off                ;
; Ignore LCELL Buffers                                                       ; Off                ; Off                ;
; Ignore SOFT Buffers                                                        ; On                 ; On                 ;
; Limit AHDL Integers to 32 Bits                                             ; Off                ; Off                ;
; Optimization Technique                                                     ; Balanced           ; Balanced           ;
; Carry Chain Length                                                         ; 70                 ; 70                 ;
; Auto Carry Chains                                                          ; On                 ; On                 ;
; Auto Open-Drain Pins                                                       ; On                 ; On                 ;
; Perform WYSIWYG Primitive Resynthesis                                      ; Off                ; Off                ;
; Auto ROM Replacement                                                       ; On                 ; On                 ;
; Auto RAM Replacement                                                       ; On                 ; On                 ;
; Auto Shift Register Replacement                                            ; Auto               ; Auto               ;
; Allow Shift Register Merging across Hierarchies                            ; Auto               ; Auto               ;
; Auto Clock Enable Replacement                                              ; On                 ; On                 ;
; Strict RAM Replacement                                                     ; Off                ; Off                ;
; Allow Synchronous Control Signals                                          ; On                 ; On                 ;
; Force Use of Synchronous Clear Signals                                     ; Off                ; Off                ;
; Auto RAM to Logic Cell Conversion                                          ; Off                ; Off                ;
; Auto Resource Sharing                                                      ; Off                ; Off                ;
; Allow Any RAM Size For Recognition                                         ; Off                ; Off                ;
; Allow Any ROM Size For Recognition                                         ; Off                ; Off                ;
; Allow Any Shift Register Size For Recognition                              ; Off                ; Off                ;
; Use LogicLock Constraints during Resource Balancing                        ; On                 ; On                 ;
; Ignore translate_off and synthesis_off directives                          ; Off                ; Off                ;
; Timing-Driven Synthesis                                                    ; Off                ; Off                ;
; Report Parameter Settings                                                  ; On                 ; On                 ;
; Report Source Assignments                                                  ; On                 ; On                 ;
; Report Connectivity Checks                                                 ; On                 ; On                 ;
; Ignore Maximum Fan-Out Assignments                                         ; Off                ; Off                ;
; Synchronization Register Chain Length                                      ; 2                  ; 2                  ;
; PowerPlay Power Optimization                                               ; Normal compilation ; Normal compilation ;
; HDL message level                                                          ; Level2             ; Level2             ;
; Suppress Register Optimization Related Messages                            ; Off                ; Off                ;
; Number of Removed Registers Reported in Synthesis Report                   ; 5000               ; 5000               ;
; Number of Swept Nodes Reported in Synthesis Report                         ; 5000               ; 5000               ;
; Number of Inverted Registers Reported in Synthesis Report                  ; 100                ; 100                ;
; Clock MUX Protection                                                       ; On                 ; On                 ;
; Auto Gated Clock Conversion                                                ; Off                ; Off                ;
; Block Design Naming                                                        ; Auto               ; Auto               ;
; SDC constraint protection                                                  ; Off                ; Off                ;
; Synthesis Effort                                                           ; Auto               ; Auto               ;
; Shift Register Replacement - Allow Asynchronous Clear Signal               ; On                 ; On                 ;
; Pre-Mapping Resynthesis Optimization                                       ; Off                ; Off                ;
; Analysis & Synthesis Message Level                                         ; Medium             ; Medium             ;
; Disable Register Merging Across Hierarchies                                ; Auto               ; Auto               ;
; Resource Aware Inference For Block RAM                                     ; On                 ; On                 ;
; Synthesis Seed                                                             ; 1                  ; 1                  ;
+----------------------------------------------------------------------------+--------------------+--------------------+


Parallel compilation was disabled, but you have multiple processors available. Enable parallel compilation to reduce compilation time.
+-------------------------------------+
; Parallel Compilation                ;
+----------------------------+--------+
; Processors                 ; Number ;
+----------------------------+--------+
; Number detected on machine ; 8      ;
; Maximum allowed            ; 1      ;
+----------------------------+--------+


+------------------------------------------------------------------------------------------------------------------------------------------------------------------------+
; Analysis & Synthesis Source Files Read                                                                                                                                 ;
+----------------------------------+-----------------+------------------------+--------------------------------------------------------------------------------+---------+
; File Name with User-Entered Path ; Used in Netlist ; File Type              ; File Name with Absolute Path                                                   ; Library ;
+----------------------------------+-----------------+------------------------+--------------------------------------------------------------------------------+---------+
; pratica_3_tomasulo.v             ; yes             ; User Verilog HDL File  ; C:/Users/lucas/Documents/GitHub/LAOC2/pratica_3_tomasulo/pratica_3_tomasulo.v  ;         ;
; CDB.v                            ; yes             ; User Verilog HDL File  ; C:/Users/lucas/Documents/GitHub/LAOC2/pratica_3_tomasulo/CDB.v                 ;         ;
; FPregisters.v                    ; yes             ; User Verilog HDL File  ; C:/Users/lucas/Documents/GitHub/LAOC2/pratica_3_tomasulo/FPregisters.v         ;         ;
; IQ.v                             ; yes             ; User Verilog HDL File  ; C:/Users/lucas/Documents/GitHub/LAOC2/pratica_3_tomasulo/IQ.v                  ;         ;
; Reservation_Station.v            ; yes             ; User Verilog HDL File  ; C:/Users/lucas/Documents/GitHub/LAOC2/pratica_3_tomasulo/Reservation_Station.v ;         ;
; Functional_Unit.v                ; yes             ; User Verilog HDL File  ; C:/Users/lucas/Documents/GitHub/LAOC2/pratica_3_tomasulo/Functional_Unit.v     ;         ;
; TM_MUX.v                         ; yes             ; User Verilog HDL File  ; C:/Users/lucas/Documents/GitHub/LAOC2/pratica_3_tomasulo/TM_MUX.v              ;         ;
+----------------------------------+-----------------+------------------------+--------------------------------------------------------------------------------+---------+


+-----------------------------------------------------+
; Analysis & Synthesis Resource Usage Summary         ;
+---------------------------------------------+-------+
; Resource                                    ; Usage ;
+---------------------------------------------+-------+
;                                             ;       ;
; Total combinational functions               ; 0     ;
; Logic element usage by number of LUT inputs ;       ;
;     -- 4 input functions                    ; 0     ;
;     -- 3 input functions                    ; 0     ;
;     -- <=2 input functions                  ; 0     ;
;                                             ;       ;
; Logic elements by mode                      ;       ;
;     -- normal mode                          ; 0     ;
;     -- arithmetic mode                      ; 0     ;
;                                             ;       ;
; Total registers                             ; 0     ;
;     -- Dedicated logic registers            ; 0     ;
;     -- I/O registers                        ; 0     ;
;                                             ;       ;
; I/O pins                                    ; 1     ;
; Embedded Multiplier 9-bit elements          ; 0     ;
+---------------------------------------------+-------+


+-----------------------------------------------------------------------------------------------------------------------------------------------------------------------------+
; Analysis & Synthesis Resource Utilization by Entity                                                                                                                         ;
+----------------------------+-------------------+--------------+-------------+--------------+---------+-----------+------+--------------+---------------------+--------------+
; Compilation Hierarchy Node ; LC Combinationals ; LC Registers ; Memory Bits ; DSP Elements ; DSP 9x9 ; DSP 18x18 ; Pins ; Virtual Pins ; Full Hierarchy Name ; Library Name ;
+----------------------------+-------------------+--------------+-------------+--------------+---------+-----------+------+--------------+---------------------+--------------+
; |pratica_3_tomasulo        ; 0 (0)             ; 0 (0)        ; 0           ; 0            ; 0       ; 0         ; 1    ; 0            ; |pratica_3_tomasulo ; work         ;
+----------------------------+-------------------+--------------+-------------+--------------+---------+-----------+------+--------------+---------------------+--------------+
Note: For table entries with two numbers listed, the numbers in parentheses indicate the number of resources of the given type used by the specific entity alone. The numbers listed outside of parentheses indicate the total resources of the given type used by the specific entity and all of its sub-entities in the hierarchy.


+------------------------------------------------------+
; General Register Statistics                          ;
+----------------------------------------------+-------+
; Statistic                                    ; Value ;
+----------------------------------------------+-------+
; Total registers                              ; 0     ;
; Number of registers using Synchronous Clear  ; 0     ;
; Number of registers using Synchronous Load   ; 0     ;
; Number of registers using Asynchronous Clear ; 0     ;
; Number of registers using Asynchronous Load  ; 0     ;
; Number of registers using Clock Enable       ; 0     ;
; Number of registers using Preset             ; 0     ;
+----------------------------------------------+-------+


+-------------------------------------------------------------------------------------------------------------------------+
; Port Connectivity Checks: "CDB:cdb|Reservation_Station:rs"                                                              ;
+---------------+--------+----------+-------------------------------------------------------------------------------------+
; Port          ; Type   ; Severity ; Details                                                                             ;
+---------------+--------+----------+-------------------------------------------------------------------------------------+
; instOutEnable ; Output ; Info     ; Connected to dangling logic. Logic that only feeds a dangling port will be removed. ;
; instOut       ; Output ; Info     ; Connected to dangling logic. Logic that only feeds a dangling port will be removed. ;
; dInst[15..13] ; Output ; Info     ; Connected to dangling logic. Logic that only feeds a dangling port will be removed. ;
+---------------+--------+----------+-------------------------------------------------------------------------------------+


+-------------------------------+
; Elapsed Time Per Partition    ;
+----------------+--------------+
; Partition Name ; Elapsed Time ;
+----------------+--------------+
; Top            ; 00:00:00     ;
+----------------+--------------+


+-------------------------------+
; Analysis & Synthesis Messages ;
+-------------------------------+
Info: *******************************************************************
Info: Running Quartus II 64-Bit Analysis & Synthesis
    Info: Version 13.0.1 Build 232 06/12/2013 Service Pack 1 SJ Web Edition
    Info: Processing started: Fri Aug 13 17:58:06 2021
Info: Command: quartus_map --read_settings_files=on --write_settings_files=off pratica_3_tomasulo -c pratica_3_tomasulo
Warning (20028): Parallel compilation is not licensed and has been disabled
Info (12021): Found 1 design units, including 1 entities, in source file pratica_3_tomasulo.v
    Info (12023): Found entity 1: pratica_3_tomasulo
Info (12021): Found 1 design units, including 1 entities, in source file cdb.v
    Info (12023): Found entity 1: CDB
Warning (12019): Can't analyze file -- file mux.v is missing
Info (12021): Found 1 design units, including 1 entities, in source file fpregisters.v
    Info (12023): Found entity 1: FPregisters
Info (12021): Found 1 design units, including 1 entities, in source file iq.v
    Info (12023): Found entity 1: IQ
Warning (12019): Can't analyze file -- file regn.v is missing
Warning (12019): Can't analyze file -- file RSadders.v is missing
Warning (12019): Can't analyze file -- file RSload.v is missing
Warning (12019): Can't analyze file -- file RSstore.v is missing
Warning (12019): Can't analyze file -- file UnidadeFuncional.v is missing
Info (12021): Found 1 design units, including 1 entities, in source file reservation_station.v
    Info (12023): Found entity 1: Reservation_Station
Info (12021): Found 1 design units, including 1 entities, in source file functional_unit.v
    Info (12023): Found entity 1: Functional_Unit
Info (12021): Found 1 design units, including 1 entities, in source file tm_mux.v
    Info (12023): Found entity 1: TM_MUX
Warning (10236): Verilog HDL Implicit Net warning at CDB.v(37): created implicit net for "instOutEnable"
Warning (10236): Verilog HDL Implicit Net warning at Reservation_Station.v(28): created implicit net for "avaliable"
Info (12127): Elaborating entity "pratica_3_tomasulo" for the top level hierarchy
Info (12128): Elaborating entity "CDB" for hierarchy "CDB:cdb"
Info (12128): Elaborating entity "TM_MUX" for hierarchy "CDB:cdb|TM_MUX:mux_cdb"
Warning (10270): Verilog HDL Case Statement warning at TM_MUX.v(4): incomplete case statement has no default case item
Warning (10240): Verilog HDL Always Construct warning at TM_MUX.v(4): inferring latch(es) for variable "Rout", which holds its previous value in one or more paths through the always construct
Info (10041): Inferred latch for "Rout[0]" at TM_MUX.v(4)
Info (10041): Inferred latch for "Rout[1]" at TM_MUX.v(4)
Info (10041): Inferred latch for "Rout[2]" at TM_MUX.v(4)
Info (10041): Inferred latch for "Rout[3]" at TM_MUX.v(4)
Info (10041): Inferred latch for "Rout[4]" at TM_MUX.v(4)
Info (10041): Inferred latch for "Rout[5]" at TM_MUX.v(4)
Info (10041): Inferred latch for "Rout[6]" at TM_MUX.v(4)
Info (10041): Inferred latch for "Rout[7]" at TM_MUX.v(4)
Info (10041): Inferred latch for "Rout[8]" at TM_MUX.v(4)
Info (10041): Inferred latch for "Rout[9]" at TM_MUX.v(4)
Info (10041): Inferred latch for "Rout[10]" at TM_MUX.v(4)
Info (10041): Inferred latch for "Rout[11]" at TM_MUX.v(4)
Info (10041): Inferred latch for "Rout[12]" at TM_MUX.v(4)
Info (10041): Inferred latch for "Rout[13]" at TM_MUX.v(4)
Info (10041): Inferred latch for "Rout[14]" at TM_MUX.v(4)
Info (10041): Inferred latch for "Rout[15]" at TM_MUX.v(4)
Info (12128): Elaborating entity "FPregisters" for hierarchy "CDB:cdb|FPregisters:fpreg"
Info (12128): Elaborating entity "IQ" for hierarchy "CDB:cdb|IQ:instructions_queue"
Warning (10230): Verilog HDL assignment warning at IQ.v(38): truncated value with size 32 to match size of target (16)
Warning (10030): Net "PC1.data_a" at IQ.v(8) has no driver or initial value, using a default initial value '0'
Warning (10030): Net "PC1.waddr_a" at IQ.v(8) has no driver or initial value, using a default initial value '0'
Warning (10030): Net "PC1.we_a" at IQ.v(8) has no driver or initial value, using a default initial value '0'
Info (12128): Elaborating entity "Reservation_Station" for hierarchy "CDB:cdb|Reservation_Station:rs"
Warning (10036): Verilog HDL or VHDL warning at Reservation_Station.v(28): object "avaliable" assigned a value but never read
Warning (10230): Verilog HDL assignment warning at Reservation_Station.v(64): truncated value with size 32 to match size of target (3)
Warning (10230): Verilog HDL assignment warning at Reservation_Station.v(68): truncated value with size 32 to match size of target (3)
Warning (10230): Verilog HDL assignment warning at Reservation_Station.v(79): truncated value with size 32 to match size of target (3)
Warning (10030): Net "OP[0]" at Reservation_Station.v(16) has no driver or initial value, using a default initial value '0'
Warning (10030): Net "Qj[0]" at Reservation_Station.v(24) has no driver or initial value, using a default initial value '0'
Warning (10030): Net "Qk[0]" at Reservation_Station.v(24) has no driver or initial value, using a default initial value '0'
Warning (10034): Output port "disponivel" at Reservation_Station.v(9) has no driver
Info (12128): Elaborating entity "Functional_Unit" for hierarchy "CDB:cdb|Reservation_Station:rs|Functional_Unit:UF"
Info (144001): Generated suppressed messages file C:/Users/lucas/Documents/GitHub/LAOC2/pratica_3_tomasulo/output_files/pratica_3_tomasulo.map.smsg
Info (16010): Generating hard_block partition "hard_block:auto_generated_inst"
    Info (16011): Adding 0 node(s), including 0 DDIO, 0 PLL, 0 transceiver and 0 LCELL
Warning (21074): Design contains 1 input pin(s) that do not drive logic
    Warning (15610): No output dependent on input pin "clock"
Info (21057): Implemented 1 device resources after synthesis - the final resource count might be different
    Info (21058): Implemented 1 input pins
    Info (21059): Implemented 0 output pins
Info: Quartus II 64-Bit Analysis & Synthesis was successful. 0 errors, 25 warnings
    Info: Peak virtual memory: 4593 megabytes
    Info: Processing ended: Fri Aug 13 17:58:08 2021
    Info: Elapsed time: 00:00:02
    Info: Total CPU time (on all processors): 00:00:01


+------------------------------------------+
; Analysis & Synthesis Suppressed Messages ;
+------------------------------------------+
The suppressed messages can be found in C:/Users/lucas/Documents/GitHub/LAOC2/pratica_3_tomasulo/output_files/pratica_3_tomasulo.map.smsg.


